<?xml version="1.0" encoding="UTF-8"?>
<!-- Generated by org.testng.reporters.JUnitReportReporter -->
<testsuite hostname="pc-002404-3" failures="0" tests="6" name="com.nopcommerce.account.Level_18_Extent_V5" time="7.302" errors="0" timestamp="2024-06-22T14:12:24 ICT" skipped="0">
  <testcase classname="com.nopcommerce.account.Level_18_Extent_V5" name="User_02_Register_Success" time="1.062"/>
  <testcase classname="com.nopcommerce.account.Level_18_Extent_V5" name="User_01_Register_Validate" time="1.346"/>
  <testcase classname="com.nopcommerce.account.Level_18_Extent_V5" name="User_01_Register_Validate" time="1.071"/>
  <testcase classname="com.nopcommerce.account.Level_18_Extent_V5" name="User_02_Register_Success" time="1.377"/>
  <testcase classname="com.nopcommerce.account.Level_18_Extent_V5" name="User_01_Register_Validate" time="1.101"/>
  <testcase classname="com.nopcommerce.account.Level_18_Extent_V5" name="User_02_Register_Success" time="1.345"/>
  <system-out>
    <![CDATA[OS name = windows 11
Driver instance name = chromedriver: chrome on windows (d403537c3474bf4e5bddce6b4e5dd1b7)
OS name = windows 11
Driver instance name = firefoxdriver: firefox on windows (4212408c-906c-4930-b182-2fd574805a54)
OS name = windows 11
Driver instance name = edgedriver: microsoftedge on windows (148d962a7c4895047bd862d64f5a6f6d)]]>
  </system-out>
</testsuite> <!-- com.nopcommerce.account.Level_18_Extent_V5 -->
